[github.com/flipped-aurora/gin-vue-admin/server]2026-05-21 12:54:51.700	[34minfo[0m	/Users/lalala/coder/go/site-admin/server/initialize/router.go:62	register swagger handler
[github.com/flipped-aurora/gin-vue-admin/server]2026-05-21 12:54:51.700	[34minfo[0m	/Users/lalala/coder/go/site-admin/server/initialize/plugin.go:10	项目暂未初始化，无法安装插件，初始化后重启项目即可完成插件安装
[github.com/flipped-aurora/gin-vue-admin/server]2026-05-21 12:54:51.700	[34minfo[0m	/Users/lalala/coder/go/site-admin/server/initialize/router.go:115	router register success
[github.com/flipped-aurora/gin-vue-admin/server]2026-05-21 12:57:05.586	[34minfo[0m	/Users/lalala/coder/go/site-admin/server/api/v1/system/sys_initdb.go:57	前往初始化数据库
[github.com/flipped-aurora/gin-vue-admin/server]2026-05-21 12:59:57.451	[34minfo[0m	/Users/lalala/coder/go/site-admin/server/core/server_run.go:48	关闭WEB服务...
[github.com/flipped-aurora/gin-vue-admin/server]2026-05-21 12:59:57.451	[34minfo[0m	/Users/lalala/coder/go/site-admin/server/core/server_run.go:59	WEB服务已关闭
[github.com/flipped-aurora/gin-vue-admin/server]2026-05-21 13:00:15.884	[34minfo[0m	/Users/lalala/coder/go/site-admin/server/initialize/gorm.go:86	register table success
[github.com/flipped-aurora/gin-vue-admin/server]2026-05-21 13:00:15.948	[34minfo[0m	/Users/lalala/coder/go/site-admin/server/initialize/router.go:62	register swagger handler
[github.com/flipped-aurora/gin-vue-admin/server]2026-05-21 13:00:16.942	[34minfo[0m	/Users/lalala/coder/go/site-admin/server/initialize/router.go:115	router register success
[github.com/flipped-aurora/gin-vue-admin/server]2026-05-21 13:25:08.343	[34minfo[0m	/Users/lalala/coder/go/site-admin/server/core/server_run.go:48	关闭WEB服务...
[github.com/flipped-aurora/gin-vue-admin/server]2026-05-21 13:25:08.344	[34minfo[0m	/Users/lalala/coder/go/site-admin/server/core/server_run.go:59	WEB服务已关闭
[github.com/flipped-aurora/gin-vue-admin/server]2026-05-21 13:25:34.600	[34minfo[0m	/Users/lalala/coder/go/site-admin/server/initialize/gorm.go:86	register table success
[github.com/flipped-aurora/gin-vue-admin/server]2026-05-21 13:25:34.665	[34minfo[0m	/Users/lalala/coder/go/site-admin/server/initialize/router.go:62	register swagger handler
[github.com/flipped-aurora/gin-vue-admin/server]2026-05-21 13:25:35.686	[34minfo[0m	/Users/lalala/coder/go/site-admin/server/initialize/router.go:115	router register success
[github.com/flipped-aurora/gin-vue-admin/server]2026-05-21 13:35:22.371	[34minfo[0m	/Users/lalala/coder/go/site-admin/server/core/server_run.go:48	关闭WEB服务...
[github.com/flipped-aurora/gin-vue-admin/server]2026-05-21 13:35:22.372	[34minfo[0m	/Users/lalala/coder/go/site-admin/server/core/server_run.go:59	WEB服务已关闭
[github.com/flipped-aurora/gin-vue-admin/server]2026-05-21 13:35:52.139	[34minfo[0m	/Users/lalala/coder/go/site-admin/server/initialize/gorm.go:86	register table success
[github.com/flipped-aurora/gin-vue-admin/server]2026-05-21 13:35:52.209	[34minfo[0m	/Users/lalala/coder/go/site-admin/server/initialize/router.go:62	register swagger handler
[github.com/flipped-aurora/gin-vue-admin/server]2026-05-21 13:35:53.280	[34minfo[0m	/Users/lalala/coder/go/site-admin/server/initialize/router.go:115	router register success
[github.com/flipped-aurora/gin-vue-admin/server]2026-05-21 14:00:17.718	[34minfo[0m	/Users/lalala/coder/go/site-admin/server/core/server_run.go:48	关闭WEB服务...
[github.com/flipped-aurora/gin-vue-admin/server]2026-05-21 14:00:17.719	[34minfo[0m	/Users/lalala/coder/go/site-admin/server/core/server_run.go:59	WEB服务已关闭
[github.com/flipped-aurora/gin-vue-admin/server]2026-05-21 14:00:47.375	[34minfo[0m	/Users/lalala/coder/go/site-admin/server/initialize/gorm.go:86	register table success
[github.com/flipped-aurora/gin-vue-admin/server]2026-05-21 14:00:47.449	[34minfo[0m	/Users/lalala/coder/go/site-admin/server/initialize/router.go:62	register swagger handler
[github.com/flipped-aurora/gin-vue-admin/server]2026-05-21 14:00:48.601	[34minfo[0m	/Users/lalala/coder/go/site-admin/server/initialize/router.go:115	router register success
[github.com/flipped-aurora/gin-vue-admin/server]2026-05-21 14:02:15.265	[34minfo[0m	/Users/lalala/coder/go/site-admin/server/core/server_run.go:48	关闭WEB服务...
[github.com/flipped-aurora/gin-vue-admin/server]2026-05-21 14:02:15.266	[34minfo[0m	/Users/lalala/coder/go/site-admin/server/core/server_run.go:59	WEB服务已关闭
[github.com/flipped-aurora/gin-vue-admin/server]2026-05-21 14:02:36.412	[34minfo[0m	/Users/lalala/coder/go/site-admin/server/initialize/gorm.go:86	register table success
[github.com/flipped-aurora/gin-vue-admin/server]2026-05-21 14:02:36.481	[34minfo[0m	/Users/lalala/coder/go/site-admin/server/initialize/router.go:62	register swagger handler
[github.com/flipped-aurora/gin-vue-admin/server]2026-05-21 14:02:37.557	[34minfo[0m	/Users/lalala/coder/go/site-admin/server/initialize/router.go:115	router register success
[github.com/flipped-aurora/gin-vue-admin/server]2026-05-21 14:53:35.006	[34minfo[0m	/Users/lalala/coder/go/site-admin/server/core/server_run.go:48	关闭WEB服务...
[github.com/flipped-aurora/gin-vue-admin/server]2026-05-21 14:53:35.006	[34minfo[0m	/Users/lalala/coder/go/site-admin/server/core/server_run.go:59	WEB服务已关闭
[github.com/flipped-aurora/gin-vue-admin/server]2026-05-21 14:54:00.068	[34minfo[0m	/Users/lalala/coder/go/site-admin/server/initialize/gorm.go:86	register table success
[github.com/flipped-aurora/gin-vue-admin/server]2026-05-21 14:54:00.136	[34minfo[0m	/Users/lalala/coder/go/site-admin/server/initialize/router.go:62	register swagger handler
[github.com/flipped-aurora/gin-vue-admin/server]2026-05-21 14:54:01.202	[34minfo[0m	/Users/lalala/coder/go/site-admin/server/initialize/router.go:115	router register success
[github.com/flipped-aurora/gin-vue-admin/server]2026-05-21 15:09:22.006	[34minfo[0m	/Users/lalala/coder/go/site-admin/server/core/server_run.go:48	关闭WEB服务...
[github.com/flipped-aurora/gin-vue-admin/server]2026-05-21 15:09:22.006	[34minfo[0m	/Users/lalala/coder/go/site-admin/server/core/server_run.go:59	WEB服务已关闭
[github.com/flipped-aurora/gin-vue-admin/server]2026-05-21 15:09:47.573	[34minfo[0m	/Users/lalala/coder/go/site-admin/server/initialize/gorm.go:86	register table success
[github.com/flipped-aurora/gin-vue-admin/server]2026-05-21 15:09:47.644	[34minfo[0m	/Users/lalala/coder/go/site-admin/server/initialize/router.go:62	register swagger handler
[github.com/flipped-aurora/gin-vue-admin/server]2026-05-21 15:09:48.722	[34minfo[0m	/Users/lalala/coder/go/site-admin/server/initialize/router.go:115	router register success
[github.com/flipped-aurora/gin-vue-admin/server]2026-05-21 15:16:11.926	[34minfo[0m	/Users/lalala/coder/go/site-admin/server/core/server_run.go:48	关闭WEB服务...
[github.com/flipped-aurora/gin-vue-admin/server]2026-05-21 15:16:11.927	[34minfo[0m	/Users/lalala/coder/go/site-admin/server/core/server_run.go:59	WEB服务已关闭
[github.com/flipped-aurora/gin-vue-admin/server]2026-05-21 15:16:39.799	[34minfo[0m	/Users/lalala/coder/go/site-admin/server/initialize/gorm.go:86	register table success
[github.com/flipped-aurora/gin-vue-admin/server]2026-05-21 15:16:39.865	[34minfo[0m	/Users/lalala/coder/go/site-admin/server/initialize/router.go:62	register swagger handler
[github.com/flipped-aurora/gin-vue-admin/server]2026-05-21 15:16:40.891	[34minfo[0m	/Users/lalala/coder/go/site-admin/server/initialize/router.go:115	router register success
[github.com/flipped-aurora/gin-vue-admin/server]2026-05-21 15:23:52.313	[34minfo[0m	/Users/lalala/coder/go/site-admin/server/core/server_run.go:48	关闭WEB服务...
[github.com/flipped-aurora/gin-vue-admin/server]2026-05-21 15:23:52.313	[34minfo[0m	/Users/lalala/coder/go/site-admin/server/core/server_run.go:59	WEB服务已关闭
[github.com/flipped-aurora/gin-vue-admin/server]2026-05-21 15:24:20.935	[34minfo[0m	/Users/lalala/coder/go/site-admin/server/initialize/gorm.go:86	register table success
[github.com/flipped-aurora/gin-vue-admin/server]2026-05-21 15:24:21.006	[34minfo[0m	/Users/lalala/coder/go/site-admin/server/initialize/router.go:62	register swagger handler
[github.com/flipped-aurora/gin-vue-admin/server]2026-05-21 15:24:22.117	[34minfo[0m	/Users/lalala/coder/go/site-admin/server/initialize/router.go:115	router register success
[github.com/flipped-aurora/gin-vue-admin/server]2026-05-21 17:26:13.848	[34minfo[0m	/Users/lalala/coder/go/site-admin/server/core/server_run.go:48	关闭WEB服务...
[github.com/flipped-aurora/gin-vue-admin/server]2026-05-21 17:26:13.851	[34minfo[0m	/Users/lalala/coder/go/site-admin/server/core/server_run.go:59	WEB服务已关闭
[github.com/flipped-aurora/gin-vue-admin/server]2026-05-21 17:26:49.940	[34minfo[0m	/Users/lalala/coder/go/site-admin/server/initialize/gorm.go:86	register table success
[github.com/flipped-aurora/gin-vue-admin/server]2026-05-21 17:26:50.017	[34minfo[0m	/Users/lalala/coder/go/site-admin/server/initialize/router.go:62	register swagger handler
[github.com/flipped-aurora/gin-vue-admin/server]2026-05-21 17:26:51.361	[34minfo[0m	/Users/lalala/coder/go/site-admin/server/initialize/router.go:115	router register success
[github.com/flipped-aurora/gin-vue-admin/server]2026-05-21 18:17:30.268	[34minfo[0m	/Users/lalala/coder/go/site-admin/server/core/server_run.go:48	关闭WEB服务...
[github.com/flipped-aurora/gin-vue-admin/server]2026-05-21 18:17:30.269	[34minfo[0m	/Users/lalala/coder/go/site-admin/server/core/server_run.go:59	WEB服务已关闭
[github.com/flipped-aurora/gin-vue-admin/server]2026-05-21 18:17:59.575	[34minfo[0m	/Users/lalala/coder/go/site-admin/server/initialize/gorm.go:86	register table success
[github.com/flipped-aurora/gin-vue-admin/server]2026-05-21 18:17:59.649	[34minfo[0m	/Users/lalala/coder/go/site-admin/server/initialize/router.go:62	register swagger handler
[github.com/flipped-aurora/gin-vue-admin/server]2026-05-21 18:18:00.791	[34minfo[0m	/Users/lalala/coder/go/site-admin/server/initialize/router.go:115	router register success
[github.com/flipped-aurora/gin-vue-admin/server]2026-05-21 18:19:31.727	[34minfo[0m	/Users/lalala/coder/go/site-admin/server/core/server_run.go:48	关闭WEB服务...
[github.com/flipped-aurora/gin-vue-admin/server]2026-05-21 18:19:31.728	[34minfo[0m	/Users/lalala/coder/go/site-admin/server/core/server_run.go:59	WEB服务已关闭
[github.com/flipped-aurora/gin-vue-admin/server]2026-05-21 18:19:57.548	[34minfo[0m	/Users/lalala/coder/go/site-admin/server/initialize/gorm.go:86	register table success
[github.com/flipped-aurora/gin-vue-admin/server]2026-05-21 18:19:57.627	[34minfo[0m	/Users/lalala/coder/go/site-admin/server/initialize/router.go:62	register swagger handler
[github.com/flipped-aurora/gin-vue-admin/server]2026-05-21 18:19:58.715	[34minfo[0m	/Users/lalala/coder/go/site-admin/server/initialize/router.go:115	router register success
